<?xml version="1.0" encoding="UTF-8"?>
<testng-results ignored="1" total="2" passed="1" failed="0" skipped="0">
  <reporter-output>
  </reporter-output>
  <suite started-at="2019-12-17T15:21:28Z" name="Default suite" finished-at="2019-12-17T15:21:28Z" duration-ms="36">
    <groups>
      <group name="Sanity">
        <method signature="IgnoreATest.test2()[pri:0, instance:com.testNG.IgnoreATest@52aa2946]" name="test2" class="com.testNG.IgnoreATest"/>
      </group> <!-- Sanity -->
      <group name="Regression">
        <method signature="IgnoreATest.test2()[pri:0, instance:com.testNG.IgnoreATest@52aa2946]" name="test2" class="com.testNG.IgnoreATest"/>
      </group> <!-- Regression -->
    </groups>
    <test started-at="2019-12-17T15:21:28Z" name="Default test" finished-at="2019-12-17T15:21:28Z" duration-ms="36">
      <class name="com.testNG.IgnoreATest">
        <test-method signature="test2()[pri:0, instance:com.testNG.IgnoreATest@52aa2946]" started-at="2019-12-17T15:21:28Z" name="test2" finished-at="2019-12-17T15:21:28Z" duration-ms="13" status="PASS">
          <reporter-output>
          </reporter-output>
        </test-method> <!-- test2 -->
      </class> <!-- com.testNG.IgnoreATest -->
    </test> <!-- Default test -->
  </suite> <!-- Default suite -->
</testng-results>
