<?xml version="1.0" encoding="UTF-8"?>
<!-- Generated by org.testng.reporters.JUnitXMLReporter -->
<testsuite ignored="1" hostname="E115075" failures="0" tests="2" name="Groups in TestNG" time="0.013" errors="0" timestamp="17 Dec 2019 15:15:52 GMT">
  <testcase classname="com.testNG.GroupsInTestNG" name="test1" time="0.002"/>
  <testcase classname="com.testNG.GroupsInTestNG" name="test2" time="0.002"/>
  <testcase classname="com.testNG.GroupsInTestNG" name="test" time="0.0">
    <ignored/>
  </testcase> <!-- test -->
</testsuite> <!-- Groups in TestNG -->
