<?xml version="1.0" encoding="UTF-8"?>
<!-- Generated by org.testng.reporters.JUnitXMLReporter -->
<testsuite ignored="0" hostname="E115075" failures="0" tests="3" name="Parameters in TestNG" time="0.058" errors="0" timestamp="17 Dec 2019 15:15:52 GMT">
  <testcase classname="com.testNG.ParametersInTestNG" name="test" time="0.011"/>
  <testcase classname="com.testNG.ParametersInTestNG" name="test1" time="0.002"/>
  <testcase classname="com.testNG.ParametersInTestNG" name="test2" time="0.005"/>
</testsuite> <!-- Parameters in TestNG -->
