<?xml version="1.0" encoding="UTF-8"?>
<!-- Generated by org.testng.reporters.JUnitXMLReporter -->
<testsuite ignored="3" hostname="E115075" failures="0" tests="0" time="0.001" errors="0" timestamp="17 Dec 2019 15:15:52 GMT">
  <testcase classname="com.testNG.MyTestClass3" name="myTestMethod3" time="0.0">
    <ignored/>
  </testcase> <!-- myTestMethod3 -->
  <testcase classname="com.testNG.MyTestClass2" name="myTestMethod2" time="0.0">
    <ignored/>
  </testcase> <!-- myTestMethod2 -->
  <testcase classname="com.testNG.MyTestClass1" name="myTestMethod1" time="0.0">
    <ignored/>
  </testcase> <!-- myTestMethod1 -->
</testsuite>
