<?xml version="1.0" encoding="UTF-8"?>
<!-- Generated by org.testng.reporters.JUnitXMLReporter -->
<testsuite ignored="8" hostname="E115075" failures="3" tests="14" name="Test" time="0.106" errors="0" timestamp="16 Dec 2019 20:02:40 GMT">
  <testcase classname="com.testNG.BasicAnnotationsInTestNG" name="test10" time="0.008"/>
  <testcase classname="com.testNG.BasicAnnotationsInTestNG" name="test5" time="0.005"/>
  <testcase classname="com.testNG.AssertionInTestNG" name="test" time="0.005"/>
  <testcase classname="com.testNG.AssertionInTestNG" name="test1" time="0.005">
    <failure type="java.lang.AssertionError" message="expected [true] but found [false]">
      <![CDATA[java.lang.AssertionError: expected [true] but found [false]
	at com.testNG.AssertionInTestNG.test1(AssertionInTestNG.java:17)
... Removed 29 stack frames]]>
    </failure>
  </testcase> <!-- test1 -->
  <testcase classname="com.testNG.AssertionInTestNG" name="test2" time="0.002"/>
  <testcase classname="com.testNG.AssertionInTestNG" name="test3" time="0.001">
    <failure type="java.lang.AssertionError" message="expected [Test1] but found [Test]">
      <![CDATA[java.lang.AssertionError: expected [Test1] but found [Test]
	at com.testNG.AssertionInTestNG.test3(AssertionInTestNG.java:29)
... Removed 31 stack frames]]>
    </failure>
  </testcase> <!-- test3 -->
  <testcase classname="com.testNG.AssertionInTestNG" name="test5" time="0.002">
    <failure type="java.lang.AssertionError" message=" Test Case Failed expected [true] but found [false]">
      <![CDATA[java.lang.AssertionError:  Test Case Failed expected [true] but found [false]
	at com.testNG.AssertionInTestNG.test5(AssertionInTestNG.java:35)
... Removed 28 stack frames]]>
    </failure>
  </testcase> <!-- test5 -->
  <testcase classname="com.testNG.AssertionInTestNG" name="test6" time="0.002"/>
  <testcase classname="com.testNG.AssertionInTestNG" name="test7" time="0.003"/>
  <testcase classname="com.testNG.AssertionInTestNG" name="test8" time="0.002"/>
  <testcase classname="com.testNG.MyTestClass2" name="myTestMethod3" time="0.002"/>
  <testcase classname="com.testNG.MyTestClass2" name="myTestMethod4" time="0.002"/>
  <testcase classname="com.testNG.MyTestClass1" name="myTestMethod1" time="0.002"/>
  <testcase classname="com.testNG.MyTestClass1" name="myTestMethod2" time="0.001"/>
  <testcase classname="com.testNG.BasicAnnotationsWithOutMethod" name="@BeforeSuite test1" time="0.0">
    <ignored/>
  </testcase> <!-- @BeforeSuite test1 -->
  <testcase classname="com.testNG.BasicAnnotationsWithOutMethod" name="@BeforeSuite test1" time="0.0">
    <ignored/>
  </testcase> <!-- @BeforeSuite test1 -->
  <testcase classname="com.testNG.BasicAnnotationsWithOutMethod" name="@BeforeTest test2" time="0.0">
    <ignored/>
  </testcase> <!-- @BeforeTest test2 -->
  <testcase classname="com.testNG.BasicAnnotationsWithOutMethod" name="@BeforeTest test2" time="0.0">
    <ignored/>
  </testcase> <!-- @BeforeTest test2 -->
  <testcase classname="com.testNG.BasicAnnotationsWithOutMethod" name="@AfterTest test7" time="0.0">
    <ignored/>
  </testcase> <!-- @AfterTest test7 -->
  <testcase classname="com.testNG.BasicAnnotationsWithOutMethod" name="@AfterTest test7" time="0.0">
    <ignored/>
  </testcase> <!-- @AfterTest test7 -->
  <testcase classname="com.testNG.BasicAnnotationsWithOutMethod" name="@AfterSuite test6" time="0.0">
    <ignored/>
  </testcase> <!-- @AfterSuite test6 -->
  <testcase classname="com.testNG.BasicAnnotationsWithOutMethod" name="@AfterSuite test6" time="0.0">
    <ignored/>
  </testcase> <!-- @AfterSuite test6 -->
</testsuite> <!-- Test -->
